#
# There is insufficient memory for the Java Runtime Environment to continue.
# Native memory allocation (mmap) failed to map 268435456 bytes for Failed to commit area from 0x0000000700c00000 to 0x0000000710c00000 of length 268435456.
# Possible reasons:
#   The system is out of physical RAM or swap space
#   The process is running with CompressedOops enabled, and the Java Heap may be blocking the growth of the native heap
# Possible solutions:
#   Reduce memory load on the system
#   Increase physical memory or swap space
#   Check if swap backing store is full
#   Decrease Java heap size (-Xmx/-Xms)
#   Decrease number of Java threads
#   Decrease Java thread stack sizes (-Xss)
#   Set larger code cache with -XX:ReservedCodeCacheSize=
# This output file may be truncated or incomplete.
#
#  Out of Memory Error (c:/BuildAgent/work/5ff2f6c26000d570/src/hotspot/os/windows/os_windows.cpp:3291), pid=2144, tid=6176
#
# JRE version:  (11.0.5+10) (build )
# Java VM: OpenJDK 64-Bit Server VM (11.0.5+10-b520.17, mixed mode, aot, sharing, tiered, compressed oops, g1 gc, windows-amd64)
# No core dump will be written. Minidumps are not enabled by default on client versions of Windows
#

---------------  S U M M A R Y ------------

Command Line: org.jetbrains.git4idea.http.GitAskPassApp Username for 'https://github.com': 

Host: AMD Ryzen 5 3600 6-Core Processor              , 12 cores, 15G,  Windows 10 , 64 bit Build 18362 (10.0.18362.959)
Time: Sat Aug  1 18:56:03 2020 Mitteleuropäische Sommerzeit elapsed time: 0 seconds (0d 0h 0m 0s)

---------------  T H R E A D  ---------------

Current thread (0x000001cb3542b800):  JavaThread "Unknown thread" [_thread_in_vm, id=6176, stack(0x000000a690c00000,0x000000a690d00000)]

Stack: [0x000000a690c00000,0x000000a690d00000]
Native frames: (J=compiled Java code, j=interpreted, Vv=VM code, C=native code)
V  [jvm.dll+0x5dcafa]
V  [jvm.dll+0x70e375]
V  [jvm.dll+0x70f898]
V  [jvm.dll+0x70ff63]
V  [jvm.dll+0x23e238]
V  [jvm.dll+0x5da1c4]
V  [jvm.dll+0x5cf265]
V  [jvm.dll+0x2fac3b]
V  [jvm.dll+0x2fabaa]
V  [jvm.dll+0x2faa82]
V  [jvm.dll+0x2ff956]
V  [jvm.dll+0x3480d3]
V  [jvm.dll+0x3487d6]
V  [jvm.dll+0x3481d3]
V  [jvm.dll+0x2d5548]
V  [jvm.dll+0x2d66e7]
V  [jvm.dll+0x6ed237]
V  [jvm.dll+0x6eea2c]
V  [jvm.dll+0x355849]
V  [jvm.dll+0x6d239e]
V  [jvm.dll+0x3be283]
V  [jvm.dll+0x3c0701]
C  [jli.dll+0x5363]
C  [ucrtbase.dll+0x20e82]
C  [KERNEL32.DLL+0x17bd4]
C  [ntdll.dll+0x6ce51]


---------------  P R O C E S S  ---------------

Threads class SMR info:
_java_thread_list=0x000001cb33265640, length=0, elements={
}

Java Threads: ( => current thread )

Other Threads:
  0x000001cb35444800 GCTaskThread "GC Thread#0" [stack: 0x000000a690d00000,0x000000a690e00000] [id=20804]
  0x000001cb354a3800 ConcurrentGCThread "G1 Main Marker" [stack: 0x000000a690e00000,0x000000a690f00000] [id=16172]
  0x000001cb354a5000 ConcurrentGCThread "G1 Conc#0" [stack: 0x000000a690f00000,0x000000a691000000] [id=9504]

[error occurred during error reporting (printing all threads), id 0xc0000005, EXCEPTION_ACCESS_VIOLATION (0xc0000005) at pc=0x00007ffcdfba5c17]

VM state:not at safepoint (not fully initialized)

VM Mutex/Monitor currently owned by a thread:  ([mutex/lock_event])
[0x000001cb35427970] Heap_lock - owner thread: 0x000001cb3542b800

Heap address: 0x0000000700c00000, size: 4084 MB, Compressed Oops mode: Non-zero based: 0x0000000700c00000
Narrow klass base: 0x0000000000000000, Narrow klass shift: 0

GC Heap History (0 events):
No events

Deoptimization events (0 events):
No events

Classes redefined (0 events):
No events

Internal exceptions (0 events):
No events

Events (0 events):
No events


Dynamic libraries:
0x00007ff7930e0000 - 0x00007ff7930ea000 	C:\Program Files\JetBrains\IntelliJ IDEA 2019.3.1\jbr\bin\java.exe
0x00007ffd45380000 - 0x00007ffd45570000 	C:\Windows\SYSTEM32\ntdll.dll
0x00007ffd44420000 - 0x00007ffd444d2000 	C:\Windows\System32\KERNEL32.DLL
0x00007ffd42e30000 - 0x00007ffd430d4000 	C:\Windows\System32\KERNELBASE.dll
0x00007ffd432d0000 - 0x00007ffd433ca000 	C:\Windows\System32\ucrtbase.dll
0x00007ffd3ea10000 - 0x00007ffd3ea29000 	C:\Program Files\JetBrains\IntelliJ IDEA 2019.3.1\jbr\bin\jli.dll
0x00007ffd338b0000 - 0x00007ffd338c7000 	C:\Program Files\JetBrains\IntelliJ IDEA 2019.3.1\jbr\bin\VCRUNTIME140.dll
0x00007ffd44640000 - 0x00007ffd447d4000 	C:\Windows\System32\USER32.dll
0x00007ffd423d0000 - 0x00007ffd423f1000 	C:\Windows\System32\win32u.dll
0x00007ffd2fdb0000 - 0x00007ffd30034000 	C:\Windows\WinSxS\amd64_microsoft.windows.common-controls_6595b64144ccf1df_6.0.18362.959_none_e6c7bbbf130c62bb\COMCTL32.dll
0x00007ffd434a0000 - 0x00007ffd434c6000 	C:\Windows\System32\GDI32.dll
0x00007ffd44f60000 - 0x00007ffd44ffe000 	C:\Windows\System32\msvcrt.dll
0x00007ffd42b90000 - 0x00007ffd42d26000 	C:\Windows\System32\gdi32full.dll
0x00007ffd44a90000 - 0x00007ffd44dc5000 	C:\Windows\System32\combase.dll
0x00007ffd43230000 - 0x00007ffd432ce000 	C:\Windows\System32\msvcp_win.dll
0x00007ffd44300000 - 0x00007ffd44420000 	C:\Windows\System32\RPCRT4.dll
0x00007ffd42db0000 - 0x00007ffd42e30000 	C:\Windows\System32\bcryptPrimitives.dll
0x00007ffd452b0000 - 0x00007ffd452de000 	C:\Windows\System32\IMM32.DLL
0x00007ffd27b50000 - 0x00007ffd27bed000 	C:\Program Files\JetBrains\IntelliJ IDEA 2019.3.1\jbr\bin\msvcp140.dll
0x00007ffcdf8c0000 - 0x00007ffce037b000 	C:\Program Files\JetBrains\IntelliJ IDEA 2019.3.1\jbr\bin\server\jvm.dll
0x00007ffd44de0000 - 0x00007ffd44e83000 	C:\Windows\System32\ADVAPI32.dll
0x00007ffd43b70000 - 0x00007ffd43c07000 	C:\Windows\System32\sechost.dll
0x00007ffd44a80000 - 0x00007ffd44a88000 	C:\Windows\System32\PSAPI.DLL
0x00007ffd38e00000 - 0x00007ffd38e24000 	C:\Windows\SYSTEM32\WINMM.dll
0x00007ffd3e410000 - 0x00007ffd3e41a000 	C:\Windows\SYSTEM32\VERSION.dll
0x00007ffd3ef00000 - 0x00007ffd3ef09000 	C:\Windows\SYSTEM32\WSOCK32.dll
0x00007ffd44960000 - 0x00007ffd449cf000 	C:\Windows\System32\WS2_32.dll
0x00007ffd38dd0000 - 0x00007ffd38dfd000 	C:\Windows\SYSTEM32\winmmbase.dll
0x00007ffd42d30000 - 0x00007ffd42d7a000 	C:\Windows\System32\cfgmgr32.dll
0x00007ffd42290000 - 0x00007ffd422a1000 	C:\Windows\System32\kernel.appcore.dll
0x00007ffd3ff40000 - 0x00007ffd3ff51000 	C:\Program Files\JetBrains\IntelliJ IDEA 2019.3.1\jbr\bin\verify.dll
0x00007ffd3d0c0000 - 0x00007ffd3d2b4000 	C:\Windows\SYSTEM32\DBGHELP.DLL
0x00007ffd3cfe0000 - 0x00007ffd3d00a000 	C:\Windows\SYSTEM32\dbgcore.DLL
0x00007ffd3e510000 - 0x00007ffd3e539000 	C:\Program Files\JetBrains\IntelliJ IDEA 2019.3.1\jbr\bin\java.dll
0x00007ffd3e4f0000 - 0x00007ffd3e507000 	C:\Program Files\JetBrains\IntelliJ IDEA 2019.3.1\jbr\bin\zip.dll
0x00007ffd3ff30000 - 0x00007ffd3ff3b000 	C:\Program Files\JetBrains\IntelliJ IDEA 2019.3.1\jbr\bin\jimage.dll

dbghelp: loaded successfully - version: 4.0.5 - missing functions: none
symbol engine: initialized successfully - sym options: 0x614 - pdb path: .;C:\Program Files\JetBrains\IntelliJ IDEA 2019.3.1\jbr\bin;C:\Windows\SYSTEM32;C:\Windows\WinSxS\amd64_microsoft.windows.common-controls_6595b64144ccf1df_6.0.18362.959_none_e6c7bbbf130c62bb;C:\Program Files\JetBrains\IntelliJ IDEA 2019.3.1\jbr\bin\server

VM Arguments:
java_command: org.jetbrains.git4idea.http.GitAskPassApp Username for 'https://github.com': 
java_class_path (initial): C:/Program Files/JetBrains/IntelliJ IDEA 2019.3.1/plugins/git4idea/lib/git4idea-rt.jar;C:/Program Files/JetBrains/IntelliJ IDEA 2019.3.1/lib/xmlrpc-2.0.1.jar;C:/Program Files/JetBrains/IntelliJ IDEA 2019.3.1/lib/commons-codec-1.13.jar;C:/Program Files/JetBrains/IntelliJ IDEA 2019.3.1/lib/util.jar
Launcher Type: SUN_STANDARD

[Global flags]
     intx CICompilerCount                          = 4                                         {product} {ergonomic}
     uint ConcGCThreads                            = 3                                         {product} {ergonomic}
     uint G1ConcRefinementThreads                  = 10                                        {product} {ergonomic}
   size_t G1HeapRegionSize                         = 1048576                                   {product} {ergonomic}
    uintx GCDrainStackTargetSize                   = 64                                        {product} {ergonomic}
   size_t InitialHeapSize                          = 268435456                                 {product} {ergonomic}
   size_t MarkStackSize                            = 4194304                                   {product} {ergonomic}
   size_t MaxHeapSize                              = 4282384384                                {product} {ergonomic}
   size_t MinHeapDeltaBytes                        = 1048576                                   {product} {ergonomic}
    uintx NonNMethodCodeHeapSize                   = 5836300                                {pd product} {ergonomic}
    uintx NonProfiledCodeHeapSize                  = 122910970                              {pd product} {ergonomic}
    uintx ProfiledCodeHeapSize                     = 122910970                              {pd product} {ergonomic}
    uintx ReservedCodeCacheSize                    = 251658240                              {pd product} {ergonomic}
     bool SegmentedCodeCache                       = true                                      {product} {ergonomic}
     bool UseCompressedClassPointers               = true                                 {lp64_product} {ergonomic}
     bool UseCompressedOops                        = true                                 {lp64_product} {ergonomic}
     bool UseG1GC                                  = true                                      {product} {ergonomic}
     bool UseLargePagesIndividualAllocation        = false                                  {pd product} {ergonomic}

Logging:
Log output configuration:
 #0: stdout all=warning uptime,level,tags
 #1: stderr all=off uptime,level,tags

Environment Variables:
JAVA_HOME=C:\Program Files\Java\jdk-11.0.2\
PATH=C:/Program Files/Git/mingw64/libexec/git-core;C:/Program Files/Git/mingw64/libexec/git-core;C:\Program Files\Git\mingw64\bin;C:\Program Files\Git\usr\bin;C:\Users\mrtx\bin;C:\Windows\system32;C:\Windows;C:\Windows\System32\Wbem;C:\Windows\System32\WindowsPowerShell\v1.0\;C:\Windows\System32\OpenSSH\;C:\Program Files\NVIDIA Corporation\NVIDIA NvDLISR;C:\Program Files (x86)\NVIDIA Corporation\PhysX\Common;C:\Program Files\nodejs\;C:\Program Files (x86)\GitExtensions\;C:\Program Files\Git\cmd;C:\Program Files (x86)\Yarn\bin\;C:\Program Files\PuTTY\;C:\Program Files\Docker\Docker\resources\bin;C:\ProgramData\DockerDesktop\version-bin;C:\ProgramData\chocolatey\bin;C:\Users\mrtx\AppData\Local\Microsoft\WindowsApps;C:\Users\mrtx\AppData\Local\Programs\Microsoft VS Code\bin;C:\Users\mrtx\AppData\Roaming\npm;C:\Program Files\Java\jdk-11.0.2\bin;C:\Users\mrtx\AppData\Local\Yarn\bin;C:\Program Files\heroku\bin
USERNAME=mrtx
DISPLAY=:0.0
OS=Windows_NT
PROCESSOR_IDENTIFIER=AMD64 Family 23 Model 113 Stepping 0, AuthenticAMD



---------------  S Y S T E M  ---------------

OS: Windows 10 , 64 bit Build 18362 (10.0.18362.959)
HyperV virtualization detected

CPU:total 12 (initial active 12) (12 cores per cpu, 2 threads per core) family 23 model 113 stepping 0, cmov, cx8, fxsr, mmx, sse, sse2, sse3, ssse3, sse4.1, sse4.2, popcnt, avx, avx2, aes, clmul, mmxext, 3dnowpref, lzcnt, sse4a, ht, tsc, tscinvbit, tscinv, bmi1, bmi2, adx, sha, fma

Memory: 4k page, system-wide physical 16333M (4565M free)
TotalPageFile size 22106M (AvailPageFile size 188M)
current process WorkingSet (physical memory assigned to process): 10M, peak: 10M
current process commit charge ("private bytes"): 64M, peak: 320M

vm_info: OpenJDK 64-Bit Server VM (11.0.5+10-b520.17) for windows-amd64 JRE (11.0.5+10-b520.17), built on Dec  2 2019 12:11:34 by "" with MS VC++ 14.0 (VS2015)

END.
